{"/Users/eferhatg/Projects/node-js/efg/wallmart-fe/client/jest.setup.js": {"path":"/Users/eferhatg/Projects/node-js/efg/wallmart-fe/client/jest.setup.js","statementMap":{},"fnMap":{},"branchMap":{},"s":{},"f":{},"b":{},"_coverageSchema":"332fd63041d2c1bcb487cc26dd0d5f7d97098a6c","hash":"9c1ee24b1e39e476eb232976a6def66b260a64c7"}
,"/Users/eferhatg/Projects/node-js/efg/wallmart-fe/client/src/scripts/domHelper.js": {"path":"/Users/eferhatg/Projects/node-js/efg/wallmart-fe/client/src/scripts/domHelper.js","statementMap":{"0":{"start":{"line":1,"column":21},"end":{"line":12,"column":1}},"1":{"start":{"line":3,"column":2},"end":{"line":11,"column":3}},"2":{"start":{"line":3,"column":41},"end":{"line":3,"column":52}},"3":{"start":{"line":5,"column":7},"end":{"line":11,"column":3}},"4":{"start":{"line":5,"column":38},"end":{"line":5,"column":94}},"5":{"start":{"line":8,"column":4},"end":{"line":10,"column":7}},"6":{"start":{"line":9,"column":6},"end":{"line":9,"column":57}},"7":{"start":{"line":9,"column":46},"end":{"line":9,"column":57}},"8":{"start":{"line":21,"column":21},"end":{"line":33,"column":1}},"9":{"start":{"line":22,"column":14},"end":{"line":22,"column":15}},"10":{"start":{"line":23,"column":2},"end":{"line":32,"column":4}},"11":{"start":{"line":24,"column":20},"end":{"line":24,"column":24}},"12":{"start":{"line":26,"column":17},"end":{"line":26,"column":26}},"13":{"start":{"line":28,"column":4},"end":{"line":28,"column":24}},"14":{"start":{"line":29,"column":4},"end":{"line":31,"column":16}},"15":{"start":{"line":30,"column":6},"end":{"line":30,"column":36}}},"fnMap":{"0":{"name":"(anonymous_0)","decl":{"start":{"line":1,"column":21},"end":{"line":1,"column":22}},"loc":{"start":{"line":1,"column":35},"end":{"line":12,"column":1}},"line":1},"1":{"name":"(anonymous_1)","decl":{"start":{"line":8,"column":47},"end":{"line":8,"column":48}},"loc":{"start":{"line":8,"column":53},"end":{"line":10,"column":5}},"line":8},"2":{"name":"(anonymous_2)","decl":{"start":{"line":21,"column":21},"end":{"line":21,"column":22}},"loc":{"start":{"line":21,"column":39},"end":{"line":33,"column":1}},"line":21},"3":{"name":"(anonymous_3)","decl":{"start":{"line":23,"column":9},"end":{"line":23,"column":10}},"loc":{"start":{"line":23,"column":15},"end":{"line":32,"column":3}},"line":23},"4":{"name":"(anonymous_4)","decl":{"start":{"line":29,"column":23},"end":{"line":29,"column":24}},"loc":{"start":{"line":29,"column":29},"end":{"line":31,"column":5}},"line":29}},"branchMap":{"0":{"loc":{"start":{"line":3,"column":2},"end":{"line":11,"column":3}},"type":"if","locations":[{"start":{"line":3,"column":2},"end":{"line":11,"column":3}},{"start":{"line":3,"column":2},"end":{"line":11,"column":3}}],"line":3},"1":{"loc":{"start":{"line":5,"column":7},"end":{"line":11,"column":3}},"type":"if","locations":[{"start":{"line":5,"column":7},"end":{"line":11,"column":3}},{"start":{"line":5,"column":7},"end":{"line":11,"column":3}}],"line":5},"2":{"loc":{"start":{"line":9,"column":6},"end":{"line":9,"column":57}},"type":"if","locations":[{"start":{"line":9,"column":6},"end":{"line":9,"column":57}},{"start":{"line":9,"column":6},"end":{"line":9,"column":57}}],"line":9},"3":{"loc":{"start":{"line":31,"column":7},"end":{"line":31,"column":14}},"type":"binary-expr","locations":[{"start":{"line":31,"column":7},"end":{"line":31,"column":9}},{"start":{"line":31,"column":13},"end":{"line":31,"column":14}}],"line":31}},"s":{"0":1,"1":1,"2":1,"3":0,"4":0,"5":0,"6":0,"7":0,"8":1,"9":0,"10":0,"11":0,"12":0,"13":0,"14":0,"15":0},"f":{"0":1,"1":0,"2":0,"3":0,"4":0},"b":{"0":[1,0],"1":[0,0],"2":[0,0],"3":[0,0]},"_coverageSchema":"332fd63041d2c1bcb487cc26dd0d5f7d97098a6c","hash":"bec71638bb467e73fc90ef36fc1fbcd77020e18f"}
,"/Users/eferhatg/Projects/node-js/efg/wallmart-fe/client/src/scripts/keywordSuggestion.js": {"path":"/Users/eferhatg/Projects/node-js/efg/wallmart-fe/client/src/scripts/keywordSuggestion.js","statementMap":{"0":{"start":{"line":3,"column":4},"end":{"line":3,"column":17}},"1":{"start":{"line":4,"column":4},"end":{"line":4,"column":21}},"2":{"start":{"line":8,"column":20},"end":{"line":8,"column":84}},"3":{"start":{"line":9,"column":17},"end":{"line":9,"column":142}},"4":{"start":{"line":10,"column":4},"end":{"line":10,"column":93}}},"fnMap":{"0":{"name":"(anonymous_0)","decl":{"start":{"line":2,"column":2},"end":{"line":2,"column":3}},"loc":{"start":{"line":2,"column":24},"end":{"line":5,"column":3}},"line":2},"1":{"name":"(anonymous_1)","decl":{"start":{"line":7,"column":2},"end":{"line":7,"column":3}},"loc":{"start":{"line":7,"column":29},"end":{"line":11,"column":3}},"line":7}},"branchMap":{},"s":{"0":10,"1":10,"2":7,"3":7,"4":7},"f":{"0":10,"1":7},"b":{},"_coverageSchema":"332fd63041d2c1bcb487cc26dd0d5f7d97098a6c","hash":"0625db85b098101af810f01d3a98cf4bcc077eba"}
,"/Users/eferhatg/Projects/node-js/efg/wallmart-fe/client/src/scripts/search.js": {"path":"/Users/eferhatg/Projects/node-js/efg/wallmart-fe/client/src/scripts/search.js","statementMap":{"0":{"start":{"line":7,"column":4},"end":{"line":7,"column":28}},"1":{"start":{"line":8,"column":4},"end":{"line":8,"column":26}},"2":{"start":{"line":9,"column":4},"end":{"line":9,"column":28}},"3":{"start":{"line":19,"column":21},"end":{"line":19,"column":68}},"4":{"start":{"line":21,"column":4},"end":{"line":30,"column":25}},"5":{"start":{"line":23,"column":8},"end":{"line":23,"column":58}},"6":{"start":{"line":23,"column":26},"end":{"line":23,"column":58}},"7":{"start":{"line":24,"column":8},"end":{"line":24,"column":31}},"8":{"start":{"line":26,"column":22},"end":{"line":26,"column":34}},"9":{"start":{"line":28,"column":8},"end":{"line":28,"column":43}},"10":{"start":{"line":30,"column":20},"end":{"line":30,"column":23}},"11":{"start":{"line":38,"column":19},"end":{"line":38,"column":21}},"12":{"start":{"line":39,"column":4},"end":{"line":39,"column":36}},"13":{"start":{"line":39,"column":29},"end":{"line":39,"column":36}},"14":{"start":{"line":40,"column":4},"end":{"line":40,"column":26}},"15":{"start":{"line":41,"column":15},"end":{"line":41,"column":33}},"16":{"start":{"line":42,"column":4},"end":{"line":44,"column":5}},"17":{"start":{"line":43,"column":6},"end":{"line":43,"column":100}},"18":{"start":{"line":45,"column":4},"end":{"line":45,"column":30}},"19":{"start":{"line":53,"column":19},"end":{"line":53,"column":21}},"20":{"start":{"line":54,"column":4},"end":{"line":54,"column":36}},"21":{"start":{"line":54,"column":29},"end":{"line":54,"column":36}},"22":{"start":{"line":55,"column":4},"end":{"line":55,"column":28}},"23":{"start":{"line":56,"column":15},"end":{"line":56,"column":33}},"24":{"start":{"line":57,"column":4},"end":{"line":65,"column":7}},"25":{"start":{"line":58,"column":6},"end":{"line":64,"column":7}},"26":{"start":{"line":59,"column":21},"end":{"line":59,"column":49}},"27":{"start":{"line":60,"column":26},"end":{"line":60,"column":47}},"28":{"start":{"line":61,"column":8},"end":{"line":63,"column":9}},"29":{"start":{"line":61,"column":30},"end":{"line":61,"column":50}},"30":{"start":{"line":62,"column":10},"end":{"line":62,"column":50}},"31":{"start":{"line":66,"column":4},"end":{"line":66,"column":32}},"32":{"start":{"line":79,"column":4},"end":{"line":79,"column":74}},"33":{"start":{"line":79,"column":26},"end":{"line":79,"column":74}},"34":{"start":{"line":82,"column":4},"end":{"line":99,"column":9}},"35":{"start":{"line":84,"column":8},"end":{"line":84,"column":33}},"36":{"start":{"line":85,"column":8},"end":{"line":85,"column":35}},"37":{"start":{"line":88,"column":29},"end":{"line":88,"column":91}},"38":{"start":{"line":88,"column":61},"end":{"line":88,"column":90}},"39":{"start":{"line":89,"column":28},"end":{"line":89,"column":90}},"40":{"start":{"line":89,"column":61},"end":{"line":89,"column":89}},"41":{"start":{"line":91,"column":8},"end":{"line":94,"column":10}},"42":{"start":{"line":97,"column":8},"end":{"line":97,"column":130}},"43":{"start":{"line":98,"column":8},"end":{"line":98,"column":127}}},"fnMap":{"0":{"name":"(anonymous_0)","decl":{"start":{"line":6,"column":2},"end":{"line":6,"column":3}},"loc":{"start":{"line":6,"column":16},"end":{"line":10,"column":3}},"line":6},"1":{"name":"(anonymous_1)","decl":{"start":{"line":18,"column":2},"end":{"line":18,"column":3}},"loc":{"start":{"line":18,"column":28},"end":{"line":31,"column":3}},"line":18},"2":{"name":"(anonymous_2)","decl":{"start":{"line":22,"column":12},"end":{"line":22,"column":13}},"loc":{"start":{"line":22,"column":26},"end":{"line":25,"column":7}},"line":22},"3":{"name":"(anonymous_3)","decl":{"start":{"line":26,"column":12},"end":{"line":26,"column":13}},"loc":{"start":{"line":26,"column":22},"end":{"line":26,"column":34}},"line":26},"4":{"name":"(anonymous_4)","decl":{"start":{"line":27,"column":12},"end":{"line":27,"column":13}},"loc":{"start":{"line":27,"column":31},"end":{"line":29,"column":7}},"line":27},"5":{"name":"(anonymous_5)","decl":{"start":{"line":30,"column":13},"end":{"line":30,"column":14}},"loc":{"start":{"line":30,"column":20},"end":{"line":30,"column":23}},"line":30},"6":{"name":"(anonymous_6)","decl":{"start":{"line":37,"column":2},"end":{"line":37,"column":3}},"loc":{"start":{"line":37,"column":22},"end":{"line":46,"column":3}},"line":37},"7":{"name":"(anonymous_7)","decl":{"start":{"line":52,"column":2},"end":{"line":52,"column":3}},"loc":{"start":{"line":52,"column":24},"end":{"line":67,"column":3}},"line":52},"8":{"name":"(anonymous_8)","decl":{"start":{"line":57,"column":15},"end":{"line":57,"column":16}},"loc":{"start":{"line":57,"column":25},"end":{"line":65,"column":5}},"line":57},"9":{"name":"(anonymous_9)","decl":{"start":{"line":61,"column":25},"end":{"line":61,"column":26}},"loc":{"start":{"line":61,"column":30},"end":{"line":61,"column":50}},"line":61},"10":{"name":"(anonymous_10)","decl":{"start":{"line":78,"column":2},"end":{"line":78,"column":3}},"loc":{"start":{"line":78,"column":35},"end":{"line":100,"column":3}},"line":78},"11":{"name":"(anonymous_11)","decl":{"start":{"line":83,"column":12},"end":{"line":83,"column":13}},"loc":{"start":{"line":83,"column":18},"end":{"line":86,"column":7}},"line":83},"12":{"name":"(anonymous_12)","decl":{"start":{"line":87,"column":12},"end":{"line":87,"column":13}},"loc":{"start":{"line":87,"column":18},"end":{"line":95,"column":7}},"line":87},"13":{"name":"(anonymous_13)","decl":{"start":{"line":88,"column":50},"end":{"line":88,"column":51}},"loc":{"start":{"line":88,"column":61},"end":{"line":88,"column":90}},"line":88},"14":{"name":"(anonymous_14)","decl":{"start":{"line":89,"column":51},"end":{"line":89,"column":52}},"loc":{"start":{"line":89,"column":61},"end":{"line":89,"column":89}},"line":89},"15":{"name":"(anonymous_15)","decl":{"start":{"line":96,"column":12},"end":{"line":96,"column":13}},"loc":{"start":{"line":96,"column":26},"end":{"line":99,"column":7}},"line":96}},"branchMap":{"0":{"loc":{"start":{"line":23,"column":8},"end":{"line":23,"column":58}},"type":"if","locations":[{"start":{"line":23,"column":8},"end":{"line":23,"column":58}},{"start":{"line":23,"column":8},"end":{"line":23,"column":58}}],"line":23},"1":{"loc":{"start":{"line":39,"column":4},"end":{"line":39,"column":36}},"type":"if","locations":[{"start":{"line":39,"column":4},"end":{"line":39,"column":36}},{"start":{"line":39,"column":4},"end":{"line":39,"column":36}}],"line":39},"2":{"loc":{"start":{"line":54,"column":4},"end":{"line":54,"column":36}},"type":"if","locations":[{"start":{"line":54,"column":4},"end":{"line":54,"column":36}},{"start":{"line":54,"column":4},"end":{"line":54,"column":36}}],"line":54},"3":{"loc":{"start":{"line":58,"column":6},"end":{"line":64,"column":7}},"type":"if","locations":[{"start":{"line":58,"column":6},"end":{"line":64,"column":7}},{"start":{"line":58,"column":6},"end":{"line":64,"column":7}}],"line":58},"4":{"loc":{"start":{"line":61,"column":8},"end":{"line":63,"column":9}},"type":"if","locations":[{"start":{"line":61,"column":8},"end":{"line":63,"column":9}},{"start":{"line":61,"column":8},"end":{"line":63,"column":9}}],"line":61},"5":{"loc":{"start":{"line":61,"column":12},"end":{"line":61,"column":72}},"type":"binary-expr","locations":[{"start":{"line":61,"column":12},"end":{"line":61,"column":51}},{"start":{"line":61,"column":55},"end":{"line":61,"column":72}}],"line":61},"6":{"loc":{"start":{"line":79,"column":4},"end":{"line":79,"column":74}},"type":"if","locations":[{"start":{"line":79,"column":4},"end":{"line":79,"column":74}},{"start":{"line":79,"column":4},"end":{"line":79,"column":74}}],"line":79},"7":{"loc":{"start":{"line":97,"column":62},"end":{"line":97,"column":129}},"type":"binary-expr","locations":[{"start":{"line":97,"column":62},"end":{"line":97,"column":74}},{"start":{"line":97,"column":78},"end":{"line":97,"column":129}}],"line":97},"8":{"loc":{"start":{"line":98,"column":60},"end":{"line":98,"column":126}},"type":"binary-expr","locations":[{"start":{"line":98,"column":60},"end":{"line":98,"column":73}},{"start":{"line":98,"column":77},"end":{"line":98,"column":126}}],"line":98}},"s":{"0":6,"1":6,"2":6,"3":3,"4":3,"5":2,"6":1,"7":2,"8":1,"9":1,"10":1,"11":1,"12":1,"13":0,"14":1,"15":1,"16":1,"17":3,"18":1,"19":1,"20":1,"21":0,"22":1,"23":1,"24":1,"25":10,"26":10,"27":10,"28":10,"29":23,"30":3,"31":1,"32":1,"33":0,"34":1,"35":0,"36":0,"37":0,"38":0,"39":0,"40":0,"41":0,"42":0,"43":0},"f":{"0":6,"1":3,"2":2,"3":1,"4":1,"5":1,"6":1,"7":1,"8":10,"9":23,"10":1,"11":0,"12":0,"13":0,"14":0,"15":0},"b":{"0":[1,1],"1":[0,1],"2":[0,1],"3":[10,0],"4":[3,7],"5":[10,9],"6":[0,1],"7":[0,0],"8":[0,0]},"_coverageSchema":"332fd63041d2c1bcb487cc26dd0d5f7d97098a6c","hash":"52106828a29cfc0b5de4bc8fec766b98e77811d7"}
,"/Users/eferhatg/Projects/node-js/efg/wallmart-fe/client/src/scripts/taxonomy.js": {"path":"/Users/eferhatg/Projects/node-js/efg/wallmart-fe/client/src/scripts/taxonomy.js","statementMap":{"0":{"start":{"line":7,"column":4},"end":{"line":7,"column":25}},"1":{"start":{"line":8,"column":4},"end":{"line":8,"column":34}},"2":{"start":{"line":18,"column":4},"end":{"line":27,"column":25}},"3":{"start":{"line":20,"column":8},"end":{"line":20,"column":41}},"4":{"start":{"line":20,"column":26},"end":{"line":20,"column":41}},"5":{"start":{"line":21,"column":8},"end":{"line":21,"column":31}},"6":{"start":{"line":23,"column":22},"end":{"line":23,"column":39}},"7":{"start":{"line":25,"column":8},"end":{"line":25,"column":37}},"8":{"start":{"line":27,"column":20},"end":{"line":27,"column":23}},"9":{"start":{"line":40,"column":4},"end":{"line":40,"column":42}},"10":{"start":{"line":40,"column":35},"end":{"line":40,"column":42}},"11":{"start":{"line":41,"column":4},"end":{"line":41,"column":21}},"12":{"start":{"line":41,"column":14},"end":{"line":41,"column":21}},"13":{"start":{"line":43,"column":19},"end":{"line":43,"column":39}},"14":{"start":{"line":44,"column":19},"end":{"line":44,"column":21}},"15":{"start":{"line":46,"column":4},"end":{"line":54,"column":5}},"16":{"start":{"line":47,"column":18},"end":{"line":47,"column":32}},"17":{"start":{"line":48,"column":6},"end":{"line":50,"column":7}},"18":{"start":{"line":49,"column":8},"end":{"line":49,"column":61}},"19":{"start":{"line":51,"column":6},"end":{"line":53,"column":7}},"20":{"start":{"line":52,"column":8},"end":{"line":52,"column":37}},"21":{"start":{"line":55,"column":4},"end":{"line":55,"column":66}},"22":{"start":{"line":68,"column":4},"end":{"line":68,"column":74}},"23":{"start":{"line":68,"column":26},"end":{"line":68,"column":74}},"24":{"start":{"line":71,"column":24},"end":{"line":71,"column":63}},"25":{"start":{"line":72,"column":25},"end":{"line":74,"column":30}},"26":{"start":{"line":76,"column":4},"end":{"line":93,"column":9}},"27":{"start":{"line":78,"column":8},"end":{"line":78,"column":44}},"28":{"start":{"line":81,"column":29},"end":{"line":82,"column":61}},"29":{"start":{"line":82,"column":26},"end":{"line":82,"column":60}},"30":{"start":{"line":84,"column":8},"end":{"line":84,"column":37}},"31":{"start":{"line":87,"column":8},"end":{"line":87,"column":39}},"32":{"start":{"line":87,"column":32},"end":{"line":87,"column":39}},"33":{"start":{"line":88,"column":39},"end":{"line":88,"column":91}},"34":{"start":{"line":89,"column":8},"end":{"line":91,"column":11}},"35":{"start":{"line":90,"column":10},"end":{"line":90,"column":54}},"36":{"start":{"line":92,"column":8},"end":{"line":92,"column":45}}},"fnMap":{"0":{"name":"(anonymous_0)","decl":{"start":{"line":6,"column":2},"end":{"line":6,"column":3}},"loc":{"start":{"line":6,"column":16},"end":{"line":9,"column":3}},"line":6},"1":{"name":"(anonymous_1)","decl":{"start":{"line":17,"column":2},"end":{"line":17,"column":3}},"loc":{"start":{"line":17,"column":20},"end":{"line":28,"column":3}},"line":17},"2":{"name":"(anonymous_2)","decl":{"start":{"line":19,"column":12},"end":{"line":19,"column":13}},"loc":{"start":{"line":19,"column":26},"end":{"line":22,"column":7}},"line":19},"3":{"name":"(anonymous_3)","decl":{"start":{"line":23,"column":12},"end":{"line":23,"column":13}},"loc":{"start":{"line":23,"column":22},"end":{"line":23,"column":39}},"line":23},"4":{"name":"(anonymous_4)","decl":{"start":{"line":24,"column":12},"end":{"line":24,"column":13}},"loc":{"start":{"line":24,"column":28},"end":{"line":26,"column":7}},"line":24},"5":{"name":"(anonymous_5)","decl":{"start":{"line":27,"column":13},"end":{"line":27,"column":14}},"loc":{"start":{"line":27,"column":20},"end":{"line":27,"column":23}},"line":27},"6":{"name":"(anonymous_6)","decl":{"start":{"line":39,"column":2},"end":{"line":39,"column":3}},"loc":{"start":{"line":39,"column":31},"end":{"line":56,"column":3}},"line":39},"7":{"name":"(anonymous_7)","decl":{"start":{"line":67,"column":2},"end":{"line":67,"column":3}},"loc":{"start":{"line":67,"column":36},"end":{"line":94,"column":3}},"line":67},"8":{"name":"(anonymous_8)","decl":{"start":{"line":77,"column":12},"end":{"line":77,"column":13}},"loc":{"start":{"line":77,"column":18},"end":{"line":79,"column":7}},"line":77},"9":{"name":"(anonymous_9)","decl":{"start":{"line":80,"column":12},"end":{"line":80,"column":13}},"loc":{"start":{"line":80,"column":18},"end":{"line":85,"column":7}},"line":80},"10":{"name":"(anonymous_10)","decl":{"start":{"line":82,"column":15},"end":{"line":82,"column":16}},"loc":{"start":{"line":82,"column":26},"end":{"line":82,"column":60}},"line":82},"11":{"name":"(anonymous_11)","decl":{"start":{"line":86,"column":12},"end":{"line":86,"column":13}},"loc":{"start":{"line":86,"column":29},"end":{"line":93,"column":7}},"line":86},"12":{"name":"(anonymous_12)","decl":{"start":{"line":89,"column":39},"end":{"line":89,"column":40}},"loc":{"start":{"line":89,"column":54},"end":{"line":91,"column":9}},"line":89}},"branchMap":{"0":{"loc":{"start":{"line":20,"column":8},"end":{"line":20,"column":41}},"type":"if","locations":[{"start":{"line":20,"column":8},"end":{"line":20,"column":41}},{"start":{"line":20,"column":8},"end":{"line":20,"column":41}}],"line":20},"1":{"loc":{"start":{"line":40,"column":4},"end":{"line":40,"column":42}},"type":"if","locations":[{"start":{"line":40,"column":4},"end":{"line":40,"column":42}},{"start":{"line":40,"column":4},"end":{"line":40,"column":42}}],"line":40},"2":{"loc":{"start":{"line":41,"column":4},"end":{"line":41,"column":21}},"type":"if","locations":[{"start":{"line":41,"column":4},"end":{"line":41,"column":21}},{"start":{"line":41,"column":4},"end":{"line":41,"column":21}}],"line":41},"3":{"loc":{"start":{"line":46,"column":11},"end":{"line":46,"column":45}},"type":"binary-expr","locations":[{"start":{"line":46,"column":11},"end":{"line":46,"column":28}},{"start":{"line":46,"column":32},"end":{"line":46,"column":45}}],"line":46},"4":{"loc":{"start":{"line":48,"column":6},"end":{"line":50,"column":7}},"type":"if","locations":[{"start":{"line":48,"column":6},"end":{"line":50,"column":7}},{"start":{"line":48,"column":6},"end":{"line":50,"column":7}}],"line":48},"5":{"loc":{"start":{"line":51,"column":6},"end":{"line":53,"column":7}},"type":"if","locations":[{"start":{"line":51,"column":6},"end":{"line":53,"column":7}},{"start":{"line":51,"column":6},"end":{"line":53,"column":7}}],"line":51},"6":{"loc":{"start":{"line":51,"column":10},"end":{"line":51,"column":53}},"type":"binary-expr","locations":[{"start":{"line":51,"column":10},"end":{"line":51,"column":22}},{"start":{"line":51,"column":26},"end":{"line":51,"column":53}}],"line":51},"7":{"loc":{"start":{"line":55,"column":31},"end":{"line":55,"column":65}},"type":"binary-expr","locations":[{"start":{"line":55,"column":31},"end":{"line":55,"column":37}},{"start":{"line":55,"column":41},"end":{"line":55,"column":65}}],"line":55},"8":{"loc":{"start":{"line":68,"column":4},"end":{"line":68,"column":74}},"type":"if","locations":[{"start":{"line":68,"column":4},"end":{"line":68,"column":74}},{"start":{"line":68,"column":4},"end":{"line":68,"column":74}}],"line":68},"9":{"loc":{"start":{"line":72,"column":25},"end":{"line":74,"column":30}},"type":"cond-expr","locations":[{"start":{"line":73,"column":8},"end":{"line":73,"column":40}},{"start":{"line":74,"column":8},"end":{"line":74,"column":30}}],"line":72},"10":{"loc":{"start":{"line":87,"column":8},"end":{"line":87,"column":39}},"type":"if","locations":[{"start":{"line":87,"column":8},"end":{"line":87,"column":39}},{"start":{"line":87,"column":8},"end":{"line":87,"column":39}}],"line":87}},"s":{"0":6,"1":6,"2":3,"3":2,"4":1,"5":1,"6":1,"7":1,"8":2,"9":6,"10":1,"11":5,"12":1,"13":4,"14":4,"15":4,"16":608,"17":608,"18":9,"19":608,"20":71,"21":4,"22":2,"23":0,"24":2,"25":2,"26":2,"27":2,"28":2,"29":6,"30":2,"31":2,"32":0,"33":2,"34":2,"35":6,"36":2},"f":{"0":6,"1":3,"2":2,"3":1,"4":1,"5":2,"6":6,"7":2,"8":2,"9":2,"10":6,"11":2,"12":6},"b":{"0":[1,1],"1":[1,5],"2":[1,4],"3":[612,609],"4":[9,599],"5":[71,537],"6":[608,71],"7":[4,0],"8":[0,2],"9":[2,0],"10":[0,2]},"_coverageSchema":"332fd63041d2c1bcb487cc26dd0d5f7d97098a6c","hash":"27df58626ae859869a0bebfa9232770f6a168c73"}
,"/Users/eferhatg/Projects/node-js/efg/wallmart-fe/client/src/scripts/topCategory.js": {"path":"/Users/eferhatg/Projects/node-js/efg/wallmart-fe/client/src/scripts/topCategory.js","statementMap":{"0":{"start":{"line":3,"column":4},"end":{"line":3,"column":21}},"1":{"start":{"line":7,"column":4},"end":{"line":7,"column":51}}},"fnMap":{"0":{"name":"(anonymous_0)","decl":{"start":{"line":2,"column":2},"end":{"line":2,"column":3}},"loc":{"start":{"line":2,"column":20},"end":{"line":4,"column":3}},"line":2},"1":{"name":"(anonymous_1)","decl":{"start":{"line":6,"column":2},"end":{"line":6,"column":3}},"loc":{"start":{"line":6,"column":24},"end":{"line":8,"column":3}},"line":6}},"branchMap":{},"s":{"0":4,"1":1},"f":{"0":4,"1":1},"b":{},"_coverageSchema":"332fd63041d2c1bcb487cc26dd0d5f7d97098a6c","hash":"60edf3af6985af374ba67a177536733595a5f8b9"}
,"/Users/eferhatg/Projects/node-js/efg/wallmart-fe/client/src/scripts/topProduct.js": {"path":"/Users/eferhatg/Projects/node-js/efg/wallmart-fe/client/src/scripts/topProduct.js","statementMap":{"0":{"start":{"line":3,"column":4},"end":{"line":3,"column":17}},"1":{"start":{"line":4,"column":4},"end":{"line":4,"column":21}},"2":{"start":{"line":5,"column":4},"end":{"line":5,"column":19}},"3":{"start":{"line":6,"column":4},"end":{"line":6,"column":19}},"4":{"start":{"line":10,"column":4},"end":{"line":10,"column":177}}},"fnMap":{"0":{"name":"(anonymous_0)","decl":{"start":{"line":2,"column":2},"end":{"line":2,"column":3}},"loc":{"start":{"line":2,"column":34},"end":{"line":7,"column":3}},"line":2},"1":{"name":"(anonymous_1)","decl":{"start":{"line":9,"column":2},"end":{"line":9,"column":3}},"loc":{"start":{"line":9,"column":24},"end":{"line":11,"column":3}},"line":9}},"branchMap":{},"s":{"0":4,"1":4,"2":4,"3":4,"4":1},"f":{"0":4,"1":1},"b":{},"_coverageSchema":"332fd63041d2c1bcb487cc26dd0d5f7d97098a6c","hash":"f7eb3dc2b9890e6514966a5d681730ad38128c8a"}
,"/Users/eferhatg/Projects/node-js/efg/wallmart-fe/client/src/scripts/wallmartapi.js": {"path":"/Users/eferhatg/Projects/node-js/efg/wallmart-fe/client/src/scripts/wallmartapi.js","statementMap":{"0":{"start":{"line":1,"column":31},"end":{"line":1,"column":58}},"1":{"start":{"line":4,"column":36},"end":{"line":4,"column":47}},"2":{"start":{"line":5,"column":44},"end":{"line":5,"column":57}},"3":{"start":{"line":6,"column":41},"end":{"line":6,"column":116}},"4":{"start":{"line":8,"column":51},"end":{"line":8,"column":69}},"5":{"start":{"line":11,"column":34},"end":{"line":11,"column":43}},"6":{"start":{"line":12,"column":42},"end":{"line":12,"column":83}},"7":{"start":{"line":13,"column":39},"end":{"line":13,"column":110}},"8":{"start":{"line":15,"column":49},"end":{"line":15,"column":98}}},"fnMap":{},"branchMap":{},"s":{"0":2,"1":2,"2":2,"3":2,"4":2,"5":2,"6":2,"7":2,"8":2},"f":{},"b":{},"_coverageSchema":"332fd63041d2c1bcb487cc26dd0d5f7d97098a6c","hash":"41dc85269ca69303d2593b4467d0fb69973bcd4a"}
}
