TN:
SF:/Users/eferhatg/Projects/node-js/efg/wallmart-fe/client/jest.setup.js
FNF:0
FNH:0
LF:0
LH:0
BRF:0
BRH:0
end_of_record
TN:
SF:/Users/eferhatg/Projects/node-js/efg/wallmart-fe/client/src/scripts/domHelper.js
FN:1,(anonymous_0)
FN:8,(anonymous_1)
FN:21,(anonymous_2)
FN:23,(anonymous_3)
FN:29,(anonymous_4)
FNF:5
FNH:1
FNDA:1,(anonymous_0)
FNDA:0,(anonymous_1)
FNDA:0,(anonymous_2)
FNDA:0,(anonymous_3)
FNDA:0,(anonymous_4)
DA:1,1
DA:3,1
DA:5,0
DA:8,0
DA:9,0
DA:21,1
DA:22,0
DA:23,0
DA:24,0
DA:26,0
DA:28,0
DA:29,0
DA:30,0
LF:13
LH:3
BRDA:3,0,0,1
BRDA:3,0,1,0
BRDA:5,1,0,0
BRDA:5,1,1,0
BRDA:9,2,0,0
BRDA:9,2,1,0
BRDA:31,3,0,0
BRDA:31,3,1,0
BRF:8
BRH:1
end_of_record
TN:
SF:/Users/eferhatg/Projects/node-js/efg/wallmart-fe/client/src/scripts/keywordSuggestion.js
FN:2,(anonymous_0)
FN:7,(anonymous_1)
FNF:2
FNH:2
FNDA:10,(anonymous_0)
FNDA:7,(anonymous_1)
DA:3,10
DA:4,10
DA:8,7
DA:9,7
DA:10,7
LF:5
LH:5
BRF:0
BRH:0
end_of_record
TN:
SF:/Users/eferhatg/Projects/node-js/efg/wallmart-fe/client/src/scripts/search.js
FN:6,(anonymous_0)
FN:18,(anonymous_1)
FN:22,(anonymous_2)
FN:26,(anonymous_3)
FN:27,(anonymous_4)
FN:30,(anonymous_5)
FN:37,(anonymous_6)
FN:52,(anonymous_7)
FN:57,(anonymous_8)
FN:61,(anonymous_9)
FN:78,(anonymous_10)
FN:83,(anonymous_11)
FN:87,(anonymous_12)
FN:88,(anonymous_13)
FN:89,(anonymous_14)
FN:96,(anonymous_15)
FNF:16
FNH:11
FNDA:6,(anonymous_0)
FNDA:3,(anonymous_1)
FNDA:2,(anonymous_2)
FNDA:1,(anonymous_3)
FNDA:1,(anonymous_4)
FNDA:1,(anonymous_5)
FNDA:1,(anonymous_6)
FNDA:1,(anonymous_7)
FNDA:10,(anonymous_8)
FNDA:23,(anonymous_9)
FNDA:1,(anonymous_10)
FNDA:0,(anonymous_11)
FNDA:0,(anonymous_12)
FNDA:0,(anonymous_13)
FNDA:0,(anonymous_14)
FNDA:0,(anonymous_15)
DA:7,6
DA:8,6
DA:9,6
DA:19,3
DA:21,3
DA:23,2
DA:24,2
DA:26,1
DA:28,1
DA:30,1
DA:38,1
DA:39,1
DA:40,1
DA:41,1
DA:42,1
DA:43,3
DA:45,1
DA:53,1
DA:54,1
DA:55,1
DA:56,1
DA:57,1
DA:58,10
DA:59,10
DA:60,10
DA:61,23
DA:62,3
DA:66,1
DA:79,1
DA:82,1
DA:84,0
DA:85,0
DA:88,0
DA:89,0
DA:91,0
DA:97,0
DA:98,0
LF:37
LH:30
BRDA:23,0,0,1
BRDA:23,0,1,1
BRDA:39,1,0,0
BRDA:39,1,1,1
BRDA:54,2,0,0
BRDA:54,2,1,1
BRDA:58,3,0,10
BRDA:58,3,1,0
BRDA:61,4,0,3
BRDA:61,4,1,7
BRDA:61,5,0,10
BRDA:61,5,1,9
BRDA:79,6,0,0
BRDA:79,6,1,1
BRDA:97,7,0,0
BRDA:97,7,1,0
BRDA:98,8,0,0
BRDA:98,8,1,0
BRF:18
BRH:10
end_of_record
TN:
SF:/Users/eferhatg/Projects/node-js/efg/wallmart-fe/client/src/scripts/taxonomy.js
FN:6,(anonymous_0)
FN:17,(anonymous_1)
FN:19,(anonymous_2)
FN:23,(anonymous_3)
FN:24,(anonymous_4)
FN:27,(anonymous_5)
FN:39,(anonymous_6)
FN:67,(anonymous_7)
FN:77,(anonymous_8)
FN:80,(anonymous_9)
FN:82,(anonymous_10)
FN:86,(anonymous_11)
FN:89,(anonymous_12)
FNF:13
FNH:13
FNDA:6,(anonymous_0)
FNDA:3,(anonymous_1)
FNDA:2,(anonymous_2)
FNDA:1,(anonymous_3)
FNDA:1,(anonymous_4)
FNDA:2,(anonymous_5)
FNDA:6,(anonymous_6)
FNDA:2,(anonymous_7)
FNDA:2,(anonymous_8)
FNDA:2,(anonymous_9)
FNDA:6,(anonymous_10)
FNDA:2,(anonymous_11)
FNDA:6,(anonymous_12)
DA:7,6
DA:8,6
DA:18,3
DA:20,2
DA:21,1
DA:23,1
DA:25,1
DA:27,2
DA:40,6
DA:41,5
DA:43,4
DA:44,4
DA:46,4
DA:47,608
DA:48,608
DA:49,9
DA:51,608
DA:52,71
DA:55,4
DA:68,2
DA:71,2
DA:72,2
DA:76,2
DA:78,2
DA:81,2
DA:82,6
DA:84,2
DA:87,2
DA:88,2
DA:89,2
DA:90,6
DA:92,2
LF:32
LH:32
BRDA:20,0,0,1
BRDA:20,0,1,1
BRDA:40,1,0,1
BRDA:40,1,1,5
BRDA:41,2,0,1
BRDA:41,2,1,4
BRDA:46,3,0,612
BRDA:46,3,1,609
BRDA:48,4,0,9
BRDA:48,4,1,599
BRDA:51,5,0,71
BRDA:51,5,1,537
BRDA:51,6,0,608
BRDA:51,6,1,71
BRDA:55,7,0,4
BRDA:55,7,1,0
BRDA:68,8,0,0
BRDA:68,8,1,2
BRDA:72,9,0,2
BRDA:72,9,1,0
BRDA:87,10,0,0
BRDA:87,10,1,2
BRF:22
BRH:18
end_of_record
TN:
SF:/Users/eferhatg/Projects/node-js/efg/wallmart-fe/client/src/scripts/topCategory.js
FN:2,(anonymous_0)
FN:6,(anonymous_1)
FNF:2
FNH:2
FNDA:4,(anonymous_0)
FNDA:1,(anonymous_1)
DA:3,4
DA:7,1
LF:2
LH:2
BRF:0
BRH:0
end_of_record
TN:
SF:/Users/eferhatg/Projects/node-js/efg/wallmart-fe/client/src/scripts/topProduct.js
FN:2,(anonymous_0)
FN:9,(anonymous_1)
FNF:2
FNH:2
FNDA:4,(anonymous_0)
FNDA:1,(anonymous_1)
DA:3,4
DA:4,4
DA:5,4
DA:6,4
DA:10,1
LF:5
LH:5
BRF:0
BRH:0
end_of_record
TN:
SF:/Users/eferhatg/Projects/node-js/efg/wallmart-fe/client/src/scripts/wallmartapi.js
FNF:0
FNH:0
DA:1,2
DA:4,2
DA:5,2
DA:6,2
DA:8,2
DA:11,2
DA:12,2
DA:13,2
DA:15,2
LF:9
LH:9
BRF:0
BRH:0
end_of_record
